SF:lib/core/exceptions/app_exceptions.dart
DA:13,0
DA:15,0
DA:16,0
DA:24,0
DA:32,1
DA:38,0
DA:44,0
LF:7
LH:1
end_of_record
SF:lib/core/injector/injection_container.dart
DA:16,3
DA:18,1
DA:20,1
DA:21,2
DA:24,2
DA:25,2
DA:26,2
DA:29,2
DA:30,6
DA:34,2
DA:35,0
DA:38,2
DA:39,4
DA:44,2
DA:45,0
DA:49,2
DA:50,0
DA:53,2
DA:54,4
DA:58,1
DA:60,0
DA:68,3
LF:22
LH:18
end_of_record
SF:lib/core/network/dio_service.dart
DA:11,1
DA:13,0
DA:21,0
DA:29,0
DA:30,0
DA:32,0
DA:33,0
DA:34,0
DA:42,0
DA:43,0
DA:44,0
DA:45,0
DA:48,0
DA:53,0
DA:64,1
DA:74,2
DA:85,1
DA:86,1
DA:87,0
DA:95,0
DA:96,0
DA:97,0
DA:98,0
DA:101,0
DA:106,0
DA:119,1
DA:129,2
DA:140,0
DA:141,0
DA:142,0
DA:150,0
DA:151,0
DA:152,0
DA:153,0
DA:156,0
DA:161,0
LF:36
LH:7
end_of_record
SF:lib/core/network/refresh_token_usecase.dart
DA:10,1
DA:13,0
DA:14,0
DA:20,0
DA:22,0
DA:27,0
DA:29,0
DA:35,0
DA:36,0
LF:9
LH:1
end_of_record
SF:lib/feature/todo/data/datasources/todo_remote_source.dart
DA:36,1
DA:42,1
DA:45,1
DA:46,2
DA:47,1
DA:48,0
DA:49,0
DA:51,1
DA:53,1
DA:57,0
DA:60,0
DA:66,0
DA:68,0
DA:73,0
DA:75,0
DA:77,0
DA:78,0
DA:82,0
DA:84,0
DA:87,0
DA:89,0
DA:91,0
DA:92,0
DA:93,0
DA:94,0
DA:96,0
DA:97,0
DA:98,0
DA:100,0
DA:103,0
DA:104,0
DA:105,0
DA:106,0
DA:107,0
DA:108,0
DA:109,0
DA:115,0
DA:116,0
DA:118,0
DA:120,0
DA:121,0
DA:125,1
DA:130,1
DA:132,1
DA:134,2
DA:135,1
DA:136,1
DA:137,1
DA:139,0
LF:49
LH:14
end_of_record
SF:lib/feature/todo/data/models/todo_network.dart
DA:9,1
DA:10,1
DA:13,1
DA:16,1
DA:17,1
DA:18,4
DA:22,0
DA:26,0
DA:27,0
DA:30,1
DA:38,2
DA:39,2
DA:40,2
DA:43,0
DA:44,0
DA:45,0
DA:46,0
DA:50,0
DA:51,0
DA:52,0
DA:55,0
DA:56,0
DA:60,1
DA:72,2
DA:73,1
DA:74,2
DA:75,2
DA:76,2
DA:79,0
DA:85,0
DA:86,0
DA:87,0
DA:88,0
DA:89,0
DA:93,0
DA:94,0
DA:95,0
DA:96,0
DA:97,0
DA:100,1
DA:101,5
DA:105,1
DA:119,2
DA:120,2
DA:121,2
DA:122,2
DA:123,3
DA:124,2
DA:127,0
DA:134,0
DA:135,0
DA:136,0
DA:137,0
DA:138,0
DA:139,0
DA:143,2
DA:144,1
DA:145,3
DA:146,3
DA:147,3
DA:148,1
DA:149,3
DA:153,1
DA:154,6
DA:158,1
DA:164,2
DA:165,1
DA:168,2
DA:169,1
DA:172,1
DA:173,2
DA:177,1
DA:183,2
DA:184,1
DA:187,2
DA:188,1
DA:191,1
DA:192,2
LF:78
LH:48
end_of_record
SF:lib/app_state.dart
DA:4,0
DA:8,0
DA:9,0
DA:13,0
DA:14,0
DA:18,0
DA:19,0
LF:7
LH:0
end_of_record
SF:lib/app_cubit.dart
DA:10,0
DA:12,0
DA:14,0
DA:15,0
DA:17,0
DA:19,0
DA:26,0
DA:28,0
DA:29,0
DA:30,0
DA:37,0
DA:39,0
LF:12
LH:0
end_of_record
SF:lib/core/app/storage_utils.dart
DA:9,0
DA:10,0
DA:13,0
DA:14,0
DA:17,0
DA:18,0
LF:6
LH:0
end_of_record
SF:lib/core/extensions/strings.dart
DA:2,0
DA:3,0
DA:4,0
LF:3
LH:0
end_of_record
SF:lib/core/network/dio_data_source.dart
DA:42,1
DA:44,0
DA:45,0
DA:46,0
DA:47,0
DA:49,0
DA:55,0
DA:57,0
DA:60,0
DA:67,0
DA:77,1
DA:86,2
DA:97,1
DA:106,2
DA:117,0
DA:119,0
LF:16
LH:5
end_of_record
SF:lib/feature/todo/presentation/addTodo/bloc/add_todo_cubit.dart
DA:13,0
DA:15,0
DA:16,0
DA:18,0
DA:19,0
DA:20,0
DA:21,0
DA:22,0
DA:25,0
LF:9
LH:0
end_of_record
SF:lib/feature/todo/presentation/addTodo/bloc/add_todo_state.dart
DA:4,1
DA:8,0
DA:9,0
DA:15,1
DA:17,0
DA:19,0
DA:23,1
DA:25,0
DA:27,0
DA:33,1
DA:35,0
DA:37,0
LF:12
LH:4
end_of_record
SF:lib/feature/todo/presentation/home/bloc/todo_state.dart
DA:4,0
DA:8,0
DA:9,0
DA:13,0
DA:14,0
DA:20,0
DA:22,0
DA:23,0
DA:27,0
DA:28,0
DA:32,0
DA:33,0
DA:40,0
DA:42,0
DA:43,0
DA:50,0
DA:52,0
DA:53,0
DA:59,0
DA:61,0
DA:62,0
DA:68,0
DA:70,0
DA:71,0
LF:24
LH:0
end_of_record
SF:lib/feature/todo/presentation/home/bloc/todo_cubit.dart
DA:16,0
DA:24,0
DA:25,0
DA:27,0
DA:30,0
DA:33,0
DA:43,0
DA:44,0
DA:45,0
DA:47,0
DA:48,0
DA:49,0
DA:50,0
DA:51,0
DA:52,0
DA:53,0
DA:54,0
DA:55,0
DA:56,0
DA:57,0
DA:58,0
DA:59,0
DA:62,0
DA:66,0
DA:68,0
DA:69,0
DA:70,0
DA:71,0
DA:72,0
DA:75,0
DA:79,0
DA:84,0
DA:86,0
DA:87,0
LF:34
LH:0
end_of_record
SF:lib/feature/todo/data/repositories/todo_repositorie_impl.dart
DA:13,0
DA:15,0
DA:18,0
DA:19,0
DA:20,0
DA:21,0
DA:27,0
DA:30,0
DA:36,0
DA:39,0
DA:40,0
DA:41,0
DA:42,0
DA:48,0
DA:54,0
DA:55,0
DA:56,0
DA:57,0
DA:61,0
DA:64,0
LF:20
LH:0
end_of_record
SF:lib/feature/todo/domain/usecase/todo_usecase.dart
DA:11,0
DA:14,0
DA:15,0
DA:20,0
DA:21,0
DA:26,0
DA:28,0
DA:33,0
DA:34,0
LF:9
LH:0
end_of_record
